[uranus/server]2023/11/24 - 10:05:20.248	[31merror[0m	/home/rightsun/Documents/git/uranus/server/core/server.go:42	accept tcp [::]:8888: use of closed network connection
[uranus/server]2023/11/24 - 10:38:42.278	[31merror[0m	/home/rightsun/Documents/git/uranus/server/core/server.go:42	accept tcp [::]:8888: use of closed network connection
[uranus/server]2023/11/24 - 10:44:05.607	[31merror[0m	/home/rightsun/Documents/git/uranus/server/api/v1/example/exa_excel.go:83	åŠ è½½æ•°æ®å¤±è´¥!	{"error": "Excelæ ¼å¼é”™è¯¯åœ¨ç¬¬1è¡Œã€channel,department,principal,date,amountã€‘"}
[uranus/server]2023/11/24 - 10:52:05.537	[31merror[0m	/home/rightsun/Documents/git/uranus/server/api/v1/example/exa_excel.go:83	åŠ è½½æ•°æ®å¤±è´¥!	{"error": "Excelæ ¼å¼é”™è¯¯åœ¨ç¬¬1è¡Œã€department,month,channel,version,date,amount_targetã€‘"}
[uranus/server]2023/11/24 - 10:52:20.912	[31merror[0m	/home/rightsun/Documents/git/uranus/server/api/v1/example/exa_excel.go:83	åŠ è½½æ•°æ®å¤±è´¥!	{"error": "Excelæ ¼å¼é”™è¯¯åœ¨ç¬¬1è¡Œã€channel,department,principal,date,amountã€‘"}
[uranus/server]2023/11/24 - 10:56:12.700	[31merror[0m	/home/rightsun/Documents/git/uranus/server/api/v1/example/exa_excel.go:83	åŠ è½½æ•°æ®å¤±è´¥!	{"error": "Excelæ ¼å¼é”™è¯¯åœ¨ç¬¬1è¡Œã€æœˆä»½(YYYY-MM-DD),æ¸ é“,ç±»å‹,è´Ÿè´£äºº,å›æ¬¾æ”¶å…¥(æœªç¨)ã€‘"}
[uranus/server]2023/11/24 - 10:57:17.336	[31merror[0m	/home/rightsun/Documents/git/uranus/server/api/v1/example/exa_excel.go:83	åŠ è½½æ•°æ®å¤±è´¥!	{"error": "Excelæ ¼å¼é”™è¯¯åœ¨ç¬¬1è¡Œã€æœˆä»½(YYYY-MM-DD),æ¸ é“,ç±»å‹,è´Ÿè´£äºº,å›æ¬¾æ”¶å…¥(æœªç¨)ã€‘"}
[uranus/server]2023/11/24 - 10:58:03.197	[31merror[0m	/home/rightsun/Documents/git/uranus/server/api/v1/example/exa_excel.go:83	åŠ è½½æ•°æ®å¤±è´¥!	{"error": "Excelæ ¼å¼é”™è¯¯åœ¨ç¬¬1è¡Œã€æœˆä»½(YYYY-MM-DD),æ¸ é“,ç±»å‹,è´Ÿè´£äºº,å›æ¬¾æ”¶å…¥(æœªç¨)ã€‘"}
[uranus/server]2023/11/24 - 10:59:16.972	[31merror[0m	/home/rightsun/Documents/git/uranus/server/core/server.go:42	accept tcp [::]:8888: use of closed network connection
[uranus/server]2023/11/24 - 11:02:23.107	[31merror[0m	/home/rightsun/Documents/git/uranus/server/api/v1/example/exa_excel.go:83	åŠ è½½æ•°æ®å¤±è´¥!	{"error": "Excelæ ¼å¼é”™è¯¯åœ¨ç¬¬1è¡Œã€æœˆä»½(YYYY-MM-DD),æ¸ é“,ç±»å‹,è´Ÿè´£äºº,å›æ¬¾æ”¶å…¥(æœªç¨)ã€‘"}
[uranus/server]2023/11/24 - 11:02:58.108	[31merror[0m	/home/rightsun/Documents/git/uranus/server/api/v1/example/exa_excel.go:83	åŠ è½½æ•°æ®å¤±è´¥!	{"error": "Excelæ ¼å¼é”™è¯¯åœ¨ç¬¬1è¡Œã€æœˆä»½(YYYY-MM-DD),æ¸ é“,ç±»å‹,è´Ÿè´£äºº,å›æ¬¾æ”¶å…¥(æœªç¨)ã€‘"}
[uranus/server]2023/11/24 - 11:09:15.570	[31merror[0m	/home/rightsun/Documents/git/uranus/server/api/v1/example/exa_excel.go:83	åŠ è½½æ•°æ®å¤±è´¥!	{"error": "Excelæ ¼å¼é”™è¯¯åœ¨ç¬¬1è¡Œã€æœˆä»½(YYYY-MM-DD),æ¸ é“,ç±»å‹,è´Ÿè´£äºº,å›æ¬¾æ”¶å…¥(æœªç¨)ã€‘"}
[uranus/server]2023/11/24 - 11:09:31.792	[31merror[0m	/home/rightsun/Documents/git/uranus/server/api/v1/example/exa_excel.go:83	åŠ è½½æ•°æ®å¤±è´¥!	{"error": "Excelæ ¼å¼é”™è¯¯åœ¨ç¬¬1è¡Œã€æœˆä»½(YYYY-MM-DD),æ¸ é“,ç±»å‹,è´Ÿè´£äºº,å›æ¬¾æ”¶å…¥(æœªç¨)ã€‘"}
[uranus/server]2023/11/24 - 11:09:44.504	[31merror[0m	/home/rightsun/Documents/git/uranus/server/api/v1/example/exa_excel.go:83	åŠ è½½æ•°æ®å¤±è´¥!	{"error": "Excelæ ¼å¼é”™è¯¯åœ¨ç¬¬1è¡Œã€ç±»å‹,æœˆä»½,æ¸ é“,ç‰ˆæœ¬,æ—¥æœŸ(YYYY-MM-DD),é”€å”®ç›®æ ‡ã€‘"}
[uranus/server]2023/11/24 - 11:13:19.014	[31merror[0m	/home/rightsun/Documents/git/uranus/server/api/v1/example/exa_excel.go:83	åŠ è½½æ•°æ®å¤±è´¥!	{"error": "Excelæ ¼å¼é”™è¯¯åœ¨ç¬¬1è¡Œã€æœˆä»½(YYYY-MM-DD),æ¸ é“,ç±»å‹,è´Ÿè´£äºº,å›æ¬¾æ”¶å…¥(æœªç¨)ã€‘"}
[uranus/server]2023/11/24 - 11:13:44.084	[31merror[0m	/home/rightsun/Documents/git/uranus/server/api/v1/example/exa_excel.go:83	åŠ è½½æ•°æ®å¤±è´¥!	{"error": "Excelæ ¼å¼é”™è¯¯åœ¨ç¬¬1è¡Œã€æœˆä»½(YYYY-MM-DD),æ¸ é“,ç±»å‹,è´Ÿè´£äºº,å›æ¬¾æ”¶å…¥(æœªç¨)ã€‘"}
[uranus/server]2023/11/24 - 11:14:21.107	[31merror[0m	/home/rightsun/Documents/git/uranus/server/api/v1/example/exa_excel.go:83	åŠ è½½æ•°æ®å¤±è´¥!	{"error": "Excelæ ¼å¼é”™è¯¯åœ¨ç¬¬1è¡Œã€æœˆä»½(YYYY-MM-DD),æ¸ é“,ç±»å‹,è´Ÿè´£äººã€‘"}
[uranus/server]2023/11/24 - 11:14:59.851	[31merror[0m	/home/rightsun/Documents/git/uranus/server/core/server.go:42	accept tcp [::]:8888: use of closed network connection
[uranus/server]2023/11/24 - 11:15:48.014	[31merror[0m	/home/rightsun/Documents/git/uranus/server/api/v1/example/exa_excel.go:83	åŠ è½½æ•°æ®å¤±è´¥!	{"error": "Excelæ ¼å¼é”™è¯¯åœ¨ç¬¬1è¡Œã€æœˆä»½(YYYY-MM-DD),æ¸ é“,ç±»å‹,è´Ÿè´£äºº,å›æ¬¾æ”¶å…¥ã€‘"}
[uranus/server]2023/11/24 - 11:16:34.083	[31merror[0m	/home/rightsun/Documents/git/uranus/server/core/server.go:42	accept tcp [::]:8888: use of closed network connection
[uranus/server]2023/11/24 - 11:18:22.021	[31merror[0m	/home/rightsun/Documents/git/uranus/server/api/v1/example/exa_excel.go:83	åŠ è½½æ•°æ®å¤±è´¥!	{"error": "Excelæ ¼å¼é”™è¯¯åœ¨ç¬¬1è¡Œã€æœˆä»½(YYYY-MM-DD),æ¸ é“,ç±»å‹,è´Ÿè´£äºº,å›æ¬¾æ”¶å…¥ã€‘"}
[uranus/server]2023/11/24 - 11:20:15.782	[31merror[0m	/home/rightsun/Documents/git/uranus/server/core/server.go:42	accept tcp [::]:8888: use of closed network connection
[uranus/server]2023/11/24 - 11:20:39.462	[31merror[0m	/home/rightsun/Documents/git/uranus/server/api/v1/example/exa_excel.go:83	åŠ è½½æ•°æ®å¤±è´¥!	{"error": "Excelæ ¼å¼é”™è¯¯åœ¨ç¬¬1è¡Œã€æœˆä»½(YYYY-MM-DD),æ¸ é“,ç±»å‹,è´Ÿè´£äºº,å›æ¬¾æ”¶å…¥ã€‘"}
[uranus/server]2023/11/24 - 11:23:52.499	[31merror[0m	/home/rightsun/Documents/git/uranus/server/core/server.go:42	accept tcp [::]:8888: use of closed network connection
[uranus/server]2023/11/24 - 11:24:11.234	[31merror[0m	/home/rightsun/Documents/git/uranus/server/api/v1/example/exa_excel.go:83	åŠ è½½æ•°æ®å¤±è´¥!	{"error": "Excelæ ¼å¼é”™è¯¯åœ¨ç¬¬1è¡Œã€æœˆä»½(YYYY-MM-DD),æ¸ é“,ç±»å‹,è´Ÿè´£äºº,å›æ¬¾æ”¶å…¥ã€‘"}
[uranus/server]2023/11/24 - 11:24:30.304	[31merror[0m	/home/rightsun/Documents/git/uranus/server/api/v1/example/exa_excel.go:83	åŠ è½½æ•°æ®å¤±è´¥!	{"error": "Excelæ ¼å¼é”™è¯¯åœ¨ç¬¬1è¡Œã€æœˆä»½(YYYY-MM-DD),æ¸ é“,ç±»å‹,è´Ÿè´£äºº,å›æ¬¾æ”¶å…¥ã€‘"}
[uranus/server]2023/11/24 - 11:33:53.036	[31merror[0m	/home/rightsun/Documents/git/uranus/server/core/server.go:42	accept tcp [::]:8888: use of closed network connection
