[github.com/flipped-aurora/gin-vue-admin/server]2023/10/13 - 13:35:36.376	[31merror[0m	/home/rightsun/Documents/git/gin-vue-admin/server/core/server.go:48	accept tcp [::]:8888: use of closed network connection
[github.com/flipped-aurora/gin-vue-admin/server]2023/10/13 - 14:40:23.770	[31merror[0m	/home/rightsun/Documents/git/gin-vue-admin/server/api/v1/example/exa_excel.go:82	åŠ è½½æ•°æ®å¤±è´¥!	{"error": "the sheet name can not be blank"}
[github.com/flipped-aurora/gin-vue-admin/server]2023/10/13 - 14:41:01.882	[31merror[0m	/home/rightsun/Documents/git/gin-vue-admin/server/core/server.go:48	accept tcp [::]:8888: use of closed network connection
[github.com/flipped-aurora/gin-vue-admin/server]2023/10/13 - 14:41:35.099	[31merror[0m	/home/rightsun/Documents/git/gin-vue-admin/server/core/server.go:48	accept tcp [::]:8888: use of closed network connection
[github.com/flipped-aurora/gin-vue-admin/server]2023/10/13 - 14:55:11.881	[31merror[0m	/home/rightsun/Documents/git/gin-vue-admin/server/core/server.go:48	accept tcp [::]:8888: use of closed network connection
[github.com/flipped-aurora/gin-vue-admin/server]2023/10/13 - 15:04:40.612	[31merror[0m	/home/rightsun/Documents/git/gin-vue-admin/server/core/server.go:48	accept tcp [::]:8888: use of closed network connection
[github.com/flipped-aurora/gin-vue-admin/server]2023/10/13 - 15:05:45.936	[31merror[0m	/home/rightsun/Documents/git/gin-vue-admin/server/api/v1/example/exa_excel.go:82	åŠ è½½æ•°æ®å¤±è´¥!	{"error": "Excelæ ¼å¼é”™è¯¯"}
[github.com/flipped-aurora/gin-vue-admin/server]2023/10/13 - 15:07:26.892	[31merror[0m	/home/rightsun/Documents/git/gin-vue-admin/server/api/v1/example/exa_excel.go:82	åŠ è½½æ•°æ®å¤±è´¥!	{"error": "Excelæ ¼å¼é”™è¯¯"}
[github.com/flipped-aurora/gin-vue-admin/server]2023/10/13 - 15:08:48.811	[31merror[0m	/home/rightsun/Documents/git/gin-vue-admin/server/api/v1/example/exa_excel.go:82	åŠ è½½æ•°æ®å¤±è´¥!	{"error": "Excelæ ¼å¼é”™è¯¯"}
[github.com/flipped-aurora/gin-vue-admin/server]2023/10/13 - 15:13:47.536	[31merror[0m	/home/rightsun/Documents/git/gin-vue-admin/server/core/server.go:48	accept tcp [::]:8888: use of closed network connection
[github.com/flipped-aurora/gin-vue-admin/server]2023/10/13 - 15:15:27.219	[31merror[0m	/home/rightsun/Documents/git/gin-vue-admin/server/api/v1/example/exa_excel.go:95	ä¸Šä¼ æ•°æ®å¤±è´¥!	{"error": "Error 1054 (42S22): Unknown column 'SysUserAuthorityID' in 'field list'"}
[github.com/flipped-aurora/gin-vue-admin/server]2023/10/13 - 15:24:12.689	[31merror[0m	/home/rightsun/Documents/git/gin-vue-admin/server/core/server.go:48	accept tcp [::]:8888: use of closed network connection
[github.com/flipped-aurora/gin-vue-admin/server]2023/10/13 - 15:31:31.381	[31merror[0m	/home/rightsun/Documents/git/gin-vue-admin/server/api/v1/example/exa_excel.go:95	ä¸Šä¼ æ•°æ®å¤±è´¥!	{"error": "Error 1265 (01000): Data truncated for column 'target' at row 1"}
[github.com/flipped-aurora/gin-vue-admin/server]2023/10/13 - 15:32:22.938	[31merror[0m	/home/rightsun/Documents/git/gin-vue-admin/server/core/server.go:48	accept tcp [::]:8888: use of closed network connection
[github.com/flipped-aurora/gin-vue-admin/server]2023/10/13 - 15:37:36.905	[31merror[0m	/home/rightsun/Documents/git/gin-vue-admin/server/api/v1/example/exa_excel.go:95	ä¸Šä¼ æ•°æ®å¤±è´¥!	{"error": "Error 1264 (22003): Out of range value for column 'target' at row 1"}
[github.com/flipped-aurora/gin-vue-admin/server]2023/10/13 - 15:42:12.494	[31merror[0m	/home/rightsun/Documents/git/gin-vue-admin/server/core/server.go:48	accept tcp [::]:8888: use of closed network connection
[github.com/flipped-aurora/gin-vue-admin/server]2023/10/13 - 15:51:21.632	[31merror[0m	/home/rightsun/Documents/git/gin-vue-admin/server/core/server.go:48	accept tcp [::]:8888: use of closed network connection
[github.com/flipped-aurora/gin-vue-admin/server]2023/10/13 - 15:52:53.181	[31merror[0m	/home/rightsun/Documents/git/gin-vue-admin/server/api/v1/example/exa_excel.go:95	ä¸Šä¼ æ•°æ®å¤±è´¥!	{"error": "Error 1264 (22003): Out of range value for column 'target' at row 1"}
[github.com/flipped-aurora/gin-vue-admin/server]2023/10/13 - 15:54:26.658	[31merror[0m	/home/rightsun/Documents/git/gin-vue-admin/server/core/server.go:48	accept tcp [::]:8888: use of closed network connection
[github.com/flipped-aurora/gin-vue-admin/server]2023/10/13 - 16:08:52.768	[31merror[0m	/home/rightsun/Documents/git/gin-vue-admin/server/core/server.go:48	accept tcp [::]:8888: use of closed network connection
[github.com/flipped-aurora/gin-vue-admin/server]2023/10/13 - 16:15:57.859	[31merror[0m	/home/rightsun/Documents/git/gin-vue-admin/server/core/server.go:48	accept tcp [::]:8888: use of closed network connection
[github.com/flipped-aurora/gin-vue-admin/server]2023/10/13 - 16:17:34.427	[31merror[0m	/home/rightsun/Documents/git/gin-vue-admin/server/core/server.go:48	accept tcp [::]:8888: use of closed network connection
[github.com/flipped-aurora/gin-vue-admin/server]2023/10/13 - 17:35:38.164	[31merror[0m	/home/rightsun/Documents/git/gin-vue-admin/server/api/v1/example/exa_excel.go:138	æ–‡ä»¶ä¸å­˜åœ¨!	{"error": "stat ./resource/excel/å®¢æˆ·åˆ—è¡¨__ExcelTemplate.xlsx: no such file or directory"}
[github.com/flipped-aurora/gin-vue-admin/server]2023/10/13 - 18:11:06.759	[31merror[0m	/home/rightsun/Documents/git/gin-vue-admin/server/core/server.go:48	accept tcp [::]:8888: use of closed network connection
[github.com/flipped-aurora/gin-vue-admin/server]2023/10/13 - 19:01:40.322	[31merror[0m	/home/rightsun/Documents/git/gin-vue-admin/server/core/server.go:48	accept tcp [::]:8888: use of closed network connection
[github.com/flipped-aurora/gin-vue-admin/server]2023/10/13 - 19:15:42.607	[31merror[0m	/home/rightsun/Documents/git/gin-vue-admin/server/core/server.go:48	accept tcp [::]:8888: use of closed network connection
