[github.com/flipped-aurora/gin-vue-admin/server]2023/10/16 - 09:51:31.386	[31merror[0m	/home/rightsun/Documents/git/gin-vue-admin/server/core/server.go:48	net.Listen error: listen tcp :8888: bind: address already in use
[github.com/flipped-aurora/gin-vue-admin/server]2023/10/16 - 10:47:56.544	[31merror[0m	/home/rightsun/Documents/git/gin-vue-admin/server/api/v1/example/exa_excel.go:82	加载数据失败!	{"error": "Excel格式错误"}
[github.com/flipped-aurora/gin-vue-admin/server]2023/10/16 - 11:13:45.253	[31merror[0m	/home/rightsun/Documents/git/gin-vue-admin/server/core/server.go:48	net.Listen error: listen tcp :8888: bind: address already in use
[github.com/flipped-aurora/gin-vue-admin/server]2023/10/16 - 11:15:16.963	[31merror[0m	/home/rightsun/Documents/git/gin-vue-admin/server/api/v1/example/exa_excel.go:96	上传数据失败!	{"error": "empty slice found"}
[github.com/flipped-aurora/gin-vue-admin/server]2023/10/16 - 11:23:55.269	[31merror[0m	/home/rightsun/Documents/git/gin-vue-admin/server/core/server.go:48	accept tcp [::]:8888: use of closed network connection
[github.com/flipped-aurora/gin-vue-admin/server]2023/10/16 - 11:37:39.889	[31merror[0m	/home/rightsun/Documents/git/gin-vue-admin/server/api/v1/example/exa_excel.go:96	上传数据失败!	{"error": "empty slice found"}
[github.com/flipped-aurora/gin-vue-admin/server]2023/10/16 - 11:53:15.918	[31merror[0m	/home/rightsun/Documents/git/gin-vue-admin/server/core/server.go:48	accept tcp [::]:8888: use of closed network connection
[github.com/flipped-aurora/gin-vue-admin/server]2023/10/16 - 13:35:37.080	[31merror[0m	/home/rightsun/Documents/git/gin-vue-admin/server/core/server.go:48	accept tcp [::]:8888: use of closed network connection
[github.com/flipped-aurora/gin-vue-admin/server]2023/10/16 - 14:05:29.708	[31merror[0m	/home/rightsun/Documents/git/gin-vue-admin/server/core/server.go:48	accept tcp [::]:8888: use of closed network connection
[github.com/flipped-aurora/gin-vue-admin/server]2023/10/16 - 14:06:05.292	[31merror[0m	/home/rightsun/Documents/git/gin-vue-admin/server/api/v1/example/exa_excel.go:83	加载数据失败!	{"error": "the sheet name can not be blank"}
[github.com/flipped-aurora/gin-vue-admin/server]2023/10/16 - 14:07:06.381	[31merror[0m	/home/rightsun/Documents/git/gin-vue-admin/server/core/server.go:48	accept tcp [::]:8888: use of closed network connection
[github.com/flipped-aurora/gin-vue-admin/server]2023/10/16 - 14:16:14.430	[31merror[0m	/home/rightsun/Documents/git/gin-vue-admin/server/core/server.go:48	accept tcp [::]:8888: use of closed network connection
[github.com/flipped-aurora/gin-vue-admin/server]2023/10/16 - 14:18:20.622	[31merror[0m	/home/rightsun/Documents/git/gin-vue-admin/server/core/server.go:48	accept tcp [::]:8888: use of closed network connection
[github.com/flipped-aurora/gin-vue-admin/server]2023/10/16 - 14:19:22.039	[31merror[0m	/home/rightsun/Documents/git/gin-vue-admin/server/core/server.go:48	accept tcp [::]:8888: use of closed network connection
[github.com/flipped-aurora/gin-vue-admin/server]2023/10/16 - 14:40:37.655	[31merror[0m	/home/rightsun/Documents/git/gin-vue-admin/server/core/server.go:48	accept tcp [::]:8888: use of closed network connection
[github.com/flipped-aurora/gin-vue-admin/server]2023/10/16 - 15:05:50.370	[31merror[0m	/home/rightsun/Documents/git/gin-vue-admin/server/core/server.go:48	accept tcp [::]:8888: use of closed network connection
[github.com/flipped-aurora/gin-vue-admin/server]2023/10/16 - 15:17:47.078	[31merror[0m	/home/rightsun/Documents/git/gin-vue-admin/server/core/server.go:48	accept tcp [::]:8888: use of closed network connection
[github.com/flipped-aurora/gin-vue-admin/server]2023/10/16 - 15:22:32.151	[31merror[0m	/home/rightsun/Documents/git/gin-vue-admin/server/core/server.go:48	accept tcp [::]:8888: use of closed network connection
[github.com/flipped-aurora/gin-vue-admin/server]2023/10/16 - 15:51:36.564	[31merror[0m	/home/rightsun/Documents/git/gin-vue-admin/server/core/server.go:48	accept tcp [::]:8888: use of closed network connection
[github.com/flipped-aurora/gin-vue-admin/server]2023/10/16 - 15:52:57.213	[31merror[0m	/home/rightsun/Documents/git/gin-vue-admin/server/api/v1/example/exa_excel.go:83	加载数据失败!	{"error": "the sheet name can not be blank"}
[github.com/flipped-aurora/gin-vue-admin/server]2023/10/16 - 16:01:23.449	[31merror[0m	/home/rightsun/Documents/git/gin-vue-admin/server/core/server.go:48	accept tcp [::]:8888: use of closed network connection
[github.com/flipped-aurora/gin-vue-admin/server]2023/10/16 - 16:02:23.108	[31merror[0m	/home/rightsun/Documents/git/gin-vue-admin/server/api/v1/example/exa_excel.go:96	上传数据失败!	{"error": "empty slice found"}
[github.com/flipped-aurora/gin-vue-admin/server]2023/10/16 - 16:02:56.439	[31merror[0m	/home/rightsun/Documents/git/gin-vue-admin/server/core/server.go:48	accept tcp [::]:8888: use of closed network connection
[github.com/flipped-aurora/gin-vue-admin/server]2023/10/16 - 16:03:26.996	[31merror[0m	/home/rightsun/Documents/git/gin-vue-admin/server/api/v1/example/exa_excel.go:96	上传数据失败!	{"error": "empty slice found"}
[github.com/flipped-aurora/gin-vue-admin/server]2023/10/16 - 16:03:35.112	[31merror[0m	/home/rightsun/Documents/git/gin-vue-admin/server/api/v1/example/exa_excel.go:96	上传数据失败!	{"error": "empty slice found"}
[github.com/flipped-aurora/gin-vue-admin/server]2023/10/16 - 16:07:23.015	[31merror[0m	/home/rightsun/Documents/git/gin-vue-admin/server/core/server.go:48	accept tcp [::]:8888: use of closed network connection
[github.com/flipped-aurora/gin-vue-admin/server]2023/10/16 - 16:09:06.573	[31merror[0m	/home/rightsun/Documents/git/gin-vue-admin/server/api/v1/example/exa_excel.go:96	上传数据失败!	{"error": "empty slice found"}
[github.com/flipped-aurora/gin-vue-admin/server]2023/10/16 - 16:11:25.435	[31merror[0m	/home/rightsun/Documents/git/gin-vue-admin/server/core/server.go:48	accept tcp [::]:8888: use of closed network connection
[github.com/flipped-aurora/gin-vue-admin/server]2023/10/16 - 16:11:46.301	[31merror[0m	/home/rightsun/Documents/git/gin-vue-admin/server/api/v1/example/exa_excel.go:96	上传数据失败!	{"error": "empty slice found"}
[github.com/flipped-aurora/gin-vue-admin/server]2023/10/16 - 16:14:10.697	[31merror[0m	/home/rightsun/Documents/git/gin-vue-admin/server/core/server.go:48	accept tcp [::]:8888: use of closed network connection
[github.com/flipped-aurora/gin-vue-admin/server]2023/10/16 - 16:14:28.886	[31merror[0m	/home/rightsun/Documents/git/gin-vue-admin/server/api/v1/example/exa_excel.go:96	上传数据失败!	{"error": "empty slice found"}
[github.com/flipped-aurora/gin-vue-admin/server]2023/10/16 - 16:17:35.535	[31merror[0m	/home/rightsun/Documents/git/gin-vue-admin/server/core/server.go:48	accept tcp [::]:8888: use of closed network connection
[github.com/flipped-aurora/gin-vue-admin/server]2023/10/16 - 16:17:59.905	[31merror[0m	/home/rightsun/Documents/git/gin-vue-admin/server/api/v1/example/exa_excel.go:96	上传数据失败!	{"error": "empty slice found"}
[github.com/flipped-aurora/gin-vue-admin/server]2023/10/16 - 16:26:49.005	[31merror[0m	/home/rightsun/Documents/git/gin-vue-admin/server/core/server.go:48	accept tcp [::]:8888: use of closed network connection
[github.com/flipped-aurora/gin-vue-admin/server]2023/10/16 - 16:28:42.806	[31merror[0m	/home/rightsun/Documents/git/gin-vue-admin/server/api/v1/example/exa_excel.go:96	上传数据失败!	{"error": "empty slice found"}
[github.com/flipped-aurora/gin-vue-admin/server]2023/10/16 - 16:29:38.655	[31merror[0m	/home/rightsun/Documents/git/gin-vue-admin/server/core/server.go:48	accept tcp [::]:8888: use of closed network connection
[github.com/flipped-aurora/gin-vue-admin/server]2023/10/16 - 16:32:19.830	[31merror[0m	/home/rightsun/Documents/git/gin-vue-admin/server/api/v1/example/exa_excel.go:83	加载数据失败!	{"error": "Excel格式错误"}
[github.com/flipped-aurora/gin-vue-admin/server]2023/10/16 - 16:51:07.555	[31merror[0m	/home/rightsun/Documents/git/gin-vue-admin/server/api/v1/example/exa_excel.go:96	上传数据失败!	{"error": "empty slice found"}
[github.com/flipped-aurora/gin-vue-admin/server]2023/10/16 - 17:02:14.414	[31merror[0m	/home/rightsun/Documents/git/gin-vue-admin/server/api/v1/example/exa_excel.go:96	上传数据失败!	{"error": "empty slice found"}
[github.com/flipped-aurora/gin-vue-admin/server]2023/10/16 - 17:05:55.157	[31merror[0m	/home/rightsun/Documents/git/gin-vue-admin/server/api/v1/example/exa_excel.go:96	上传数据失败!	{"error": "empty slice found"}
[github.com/flipped-aurora/gin-vue-admin/server]2023/10/16 - 17:13:30.961	[31merror[0m	/home/rightsun/Documents/git/gin-vue-admin/server/core/server.go:48	accept tcp [::]:8888: use of closed network connection
[github.com/flipped-aurora/gin-vue-admin/server]2023/10/16 - 17:13:44.474	[31merror[0m	/home/rightsun/Documents/git/gin-vue-admin/server/api/v1/example/exa_excel.go:96	上传数据失败!	{"error": "empty slice found"}
[github.com/flipped-aurora/gin-vue-admin/server]2023/10/16 - 17:16:27.811	[31merror[0m	/home/rightsun/Documents/git/gin-vue-admin/server/core/server.go:48	accept tcp [::]:8888: use of closed network connection
[github.com/flipped-aurora/gin-vue-admin/server]2023/10/16 - 17:16:46.432	[31merror[0m	/home/rightsun/Documents/git/gin-vue-admin/server/api/v1/example/exa_excel.go:96	上传数据失败!	{"error": "empty slice found"}
[github.com/flipped-aurora/gin-vue-admin/server]2023/10/16 - 17:17:46.405	[31merror[0m	/home/rightsun/Documents/git/gin-vue-admin/server/core/server.go:48	accept tcp [::]:8888: use of closed network connection
[github.com/flipped-aurora/gin-vue-admin/server]2023/10/16 - 17:17:57.103	[31merror[0m	/home/rightsun/Documents/git/gin-vue-admin/server/api/v1/example/exa_excel.go:96	上传数据失败!	{"error": "empty slice found"}
[github.com/flipped-aurora/gin-vue-admin/server]2023/10/16 - 17:20:16.529	[31merror[0m	/home/rightsun/Documents/git/gin-vue-admin/server/core/server.go:48	accept tcp [::]:8888: use of closed network connection
[github.com/flipped-aurora/gin-vue-admin/server]2023/10/16 - 17:20:29.955	[31merror[0m	/home/rightsun/Documents/git/gin-vue-admin/server/api/v1/example/exa_excel.go:96	上传数据失败!	{"error": "empty slice found"}
[github.com/flipped-aurora/gin-vue-admin/server]2023/10/16 - 17:20:43.033	[31merror[0m	/home/rightsun/Documents/git/gin-vue-admin/server/api/v1/example/exa_excel.go:96	上传数据失败!	{"error": "empty slice found"}
[github.com/flipped-aurora/gin-vue-admin/server]2023/10/16 - 17:21:02.893	[31merror[0m	/home/rightsun/Documents/git/gin-vue-admin/server/core/server.go:48	accept tcp [::]:8888: use of closed network connection
[github.com/flipped-aurora/gin-vue-admin/server]2023/10/16 - 17:21:17.211	[31merror[0m	/home/rightsun/Documents/git/gin-vue-admin/server/api/v1/example/exa_excel.go:96	上传数据失败!	{"error": "empty slice found"}
[github.com/flipped-aurora/gin-vue-admin/server]2023/10/16 - 17:21:48.704	[31merror[0m	/home/rightsun/Documents/git/gin-vue-admin/server/api/v1/example/exa_excel.go:96	上传数据失败!	{"error": "empty slice found"}
[github.com/flipped-aurora/gin-vue-admin/server]2023/10/16 - 17:22:33.564	[31merror[0m	/home/rightsun/Documents/git/gin-vue-admin/server/core/server.go:48	accept tcp [::]:8888: use of closed network connection
[github.com/flipped-aurora/gin-vue-admin/server]2023/10/16 - 17:22:49.262	[31merror[0m	/home/rightsun/Documents/git/gin-vue-admin/server/api/v1/example/exa_excel.go:96	上传数据失败!	{"error": "empty slice found"}
[github.com/flipped-aurora/gin-vue-admin/server]2023/10/16 - 17:23:26.556	[31merror[0m	/home/rightsun/Documents/git/gin-vue-admin/server/core/server.go:48	accept tcp [::]:8888: use of closed network connection
[github.com/flipped-aurora/gin-vue-admin/server]2023/10/16 - 17:23:38.748	[31merror[0m	/home/rightsun/Documents/git/gin-vue-admin/server/api/v1/example/exa_excel.go:96	上传数据失败!	{"error": "empty slice found"}
[github.com/flipped-aurora/gin-vue-admin/server]2023/10/16 - 17:24:42.565	[31merror[0m	/home/rightsun/Documents/git/gin-vue-admin/server/core/server.go:48	accept tcp [::]:8888: use of closed network connection
[github.com/flipped-aurora/gin-vue-admin/server]2023/10/16 - 17:27:11.034	[31merror[0m	/home/rightsun/Documents/git/gin-vue-admin/server/api/v1/example/exa_excel.go:96	上传数据失败!	{"error": "empty slice found"}
[github.com/flipped-aurora/gin-vue-admin/server]2023/10/16 - 17:33:39.439	[31merror[0m	/home/rightsun/Documents/git/gin-vue-admin/server/api/v1/example/exa_excel.go:96	上传数据失败!	{"error": "Error 1265 (01000): Data truncated for column 'november' at row 1"}
[github.com/flipped-aurora/gin-vue-admin/server]2023/10/16 - 17:59:28.647	[31merror[0m	/home/rightsun/Documents/git/gin-vue-admin/server/api/v1/example/exa_excel.go:96	上传数据失败!	{"error": "Error 1265 (01000): Data truncated for column 'year2022' at row 1"}
[github.com/flipped-aurora/gin-vue-admin/server]2023/10/16 - 18:01:27.381	[31merror[0m	/home/rightsun/Documents/git/gin-vue-admin/server/core/server.go:48	accept tcp [::]:8888: use of closed network connection
[github.com/flipped-aurora/gin-vue-admin/server]2023/10/16 - 18:01:43.761	[31merror[0m	/home/rightsun/Documents/git/gin-vue-admin/server/api/v1/example/exa_excel.go:96	上传数据失败!	{"error": "Error 1265 (01000): Data truncated for column 'year2022' at row 1"}
[github.com/flipped-aurora/gin-vue-admin/server]2023/10/16 - 18:07:13.236	[31merror[0m	/home/rightsun/Documents/git/gin-vue-admin/server/core/server.go:48	accept tcp [::]:8888: use of closed network connection
[github.com/flipped-aurora/gin-vue-admin/server]2023/10/16 - 18:55:13.892	[31merror[0m	/home/rightsun/Documents/git/gin-vue-admin/server/core/server.go:48	accept tcp [::]:8888: use of closed network connection
